# JRE version: Java(TM) SE Runtime Environment (8.0_66-b18) (build 1.8.0_66-b18)
# Java VM: Java HotSpot(TM) Client VM (25.66-b18 mixed mode windows-x86 )
Heap:
 def new generation   total 4928K, used 4928K [0x04a00000, 0x04f50000, 0x19f50000)
  eden space 4416K, 100% used [0x04a00000, 0x04e50000, 0x04e50000)
  from space 512K, 100% used [0x04e50000, 0x04ed0000, 0x04ed0000)
  to   space 512K,  99% used [0x04ed0000, 0x04f4fff8, 0x04f50000)
 tenured generation   total 10944K, used 10943K [0x19f50000, 0x1aa01000, 0x44a00000)
   the space 10944K,  99% used [0x19f50000, 0x1a9fffe0, 0x1aa00000, 0x1aa00000)
 Metaspace       used 3066K, capacity 3462K, committed 3520K, reserved 4480K
GC Heap History (10 events):
Event: 1.726 GC heap after
Heap after GC invocations=10 (full 0):
 def new generation   total 4928K, used 511K [0x04a00000, 0x04f50000, 0x19f50000)
  eden space 4416K,   0% used [0x04a00000, 0x04a00000, 0x04e50000)
  from space 512K,  99% used [0x04e50000, 0x04ecfff8, 0x04ed0000)
  to   space 512K,   0% used [0x04ed0000, 0x04ed0000, 0x04f50000)
 tenured generation   total 10944K, used 8274K [0x19f50000, 0x1aa00000, 0x44a00000)
   the space 10944K,  75% used [0x19f50000, 0x1a764b78, 0x1a764c00, 0x1aa00000)
 Metaspace       used 3066K, capacity 3462K, committed 3520K, reserved 4480K
}
Event: 1.751 GC heap before
{Heap before GC invocations=10 (full 0):
 def new generation   total 4928K, used 4927K [0x04a00000, 0x04f50000, 0x19f50000)
  eden space 4416K, 100% used [0x04a00000, 0x04e50000, 0x04e50000)
  from space 512K,  99% used [0x04e50000, 0x04ecfff8, 0x04ed0000)
  to   space 512K,   0% used [0x04ed0000, 0x04ed0000, 0x04f50000)
 tenured generation   total 10944K, used 8274K [0x19f50000, 0x1aa00000, 0x44a00000)
   the space 10944K,  75% used [0x19f50000, 0x1a764b78, 0x1a764c00, 0x1aa00000)
 Metaspace       used 3066K, capacity 3462K, committed 3520K, reserved 4480K
Event: 1.754 GC heap after
Heap after GC invocations=11 (full 0):
 def new generation   total 4928K, used 512K [0x04a00000, 0x04f50000, 0x19f50000)
  eden space 4416K,   0% used [0x04a00000, 0x04a00000, 0x04e50000)
  from space 512K, 100% used [0x04ed0000, 0x04f50000, 0x04f50000)
  to   space 512K,   0% used [0x04e50000, 0x04e50000, 0x04ed0000)
 tenured generation   total 10944K, used 8772K [0x19f50000, 0x1aa00000, 0x44a00000)
   the space 10944K,  80% used [0x19f50000, 0x1a7e1050, 0x1a7e1200, 0x1aa00000)
 Metaspace       used 3066K, capacity 3462K, committed 3520K, reserved 4480K
}
Event: 1.772 GC heap before
{Heap before GC invocations=11 (full 0):
 def new generation   total 4928K, used 4928K [0x04a00000, 0x04f50000, 0x19f50000)
  eden space 4416K, 100% used [0x04a00000, 0x04e50000, 0x04e50000)
  from space 512K, 100% used [0x04ed0000, 0x04f50000, 0x04f50000)
  to   space 512K,   0% used [0x04e50000, 0x04e50000, 0x04ed0000)
 tenured generation   total 10944K, used 8772K [0x19f50000, 0x1aa00000, 0x44a00000)
   the space 10944K,  80% used [0x19f50000, 0x1a7e1050, 0x1a7e1200, 0x1aa00000)
 Metaspace       used 3066K, capacity 3462K, committed 3520K, reserved 4480K
Event: 1.775 GC heap after
Heap after GC invocations=12 (full 0):
 def new generation   total 4928K, used 512K [0x04a00000, 0x04f50000, 0x19f50000)
  eden space 4416K,   0% used [0x04a00000, 0x04a00000, 0x04e50000)
  from space 512K, 100% used [0x04e50000, 0x04ed0000, 0x04ed0000)
  to   space 512K,   0% used [0x04ed0000, 0x04ed0000, 0x04f50000)
 tenured generation   total 10944K, used 9539K [0x19f50000, 0x1aa00000, 0x44a00000)
   the space 10944K,  87% used [0x19f50000, 0x1a8a0c20, 0x1a8a0e00, 0x1aa00000)
 Metaspace       used 3066K, capacity 3462K, committed 3520K, reserved 4480K
}
Event: 1.790 GC heap before
{Heap before GC invocations=12 (full 0):
 def new generation   total 4928K, used 4928K [0x04a00000, 0x04f50000, 0x19f50000)
  eden space 4416K, 100% used [0x04a00000, 0x04e50000, 0x04e50000)
  from space 512K, 100% used [0x04e50000, 0x04ed0000, 0x04ed0000)
  to   space 512K,   0% used [0x04ed0000, 0x04ed0000, 0x04f50000)
 tenured generation   total 10944K, used 9539K [0x19f50000, 0x1aa00000, 0x44a00000)
   the space 10944K,  87% used [0x19f50000, 0x1a8a0c20, 0x1a8a0e00, 0x1aa00000)
 Metaspace       used 3066K, capacity 3462K, committed 3520K, reserved 4480K
Event: 1.792 GC heap after
Heap after GC invocations=13 (full 0):
 def new generation   total 4928K, used 512K [0x04a00000, 0x04f50000, 0x19f50000)
  eden space 4416K,   0% used [0x04a00000, 0x04a00000, 0x04e50000)
  from space 512K, 100% used [0x04ed0000, 0x04f50000, 0x04f50000)
  to   space 512K,   0% used [0x04e50000, 0x04e50000, 0x04ed0000)
 tenured generation   total 10944K, used 10015K [0x19f50000, 0x1aa00000, 0x44a00000)
   the space 10944K,  91% used [0x19f50000, 0x1a917e48, 0x1a918000, 0x1aa00000)
 Metaspace       used 3066K, capacity 3462K, committed 3520K, reserved 4480K
}
Event: 1.818 GC heap before
{Heap before GC invocations=13 (full 0):
 def new generation   total 4928K, used 4928K [0x04a00000, 0x04f50000, 0x19f50000)
  eden space 4416K, 100% used [0x04a00000, 0x04e50000, 0x04e50000)
  from space 512K, 100% used [0x04ed0000, 0x04f50000, 0x04f50000)
  to   space 512K,   0% used [0x04e50000, 0x04e50000, 0x04ed0000)
 tenured generation   total 10944K, used 10015K [0x19f50000, 0x1aa00000, 0x44a00000)
   the space 10944K,  91% used [0x19f50000, 0x1a917e48, 0x1a918000, 0x1aa00000)
 Metaspace       used 3066K, capacity 3462K, committed 3520K, reserved 4480K
Event: 1.821 GC heap after
Heap after GC invocations=14 (full 0):
 def new generation   total 4928K, used 512K [0x04a00000, 0x04f50000, 0x19f50000)
  eden space 4416K,   0% used [0x04a00000, 0x04a00000, 0x04e50000)
  from space 512K, 100% used [0x04e50000, 0x04ed0000, 0x04ed0000)
  to   space 512K,   0% used [0x04ed0000, 0x04ed0000, 0x04f50000)
 tenured generation   total 10944K, used 10418K [0x19f50000, 0x1aa00000, 0x44a00000)
   the space 10944K,  95% used [0x19f50000, 0x1a97c8f0, 0x1a97ca00, 0x1aa00000)
 Metaspace       used 3066K, capacity 3462K, committed 3520K, reserved 4480K
}
Event: 1.838 GC heap before
{Heap before GC invocations=14 (full 0):
 def new generation   total 4928K, used 4928K [0x04a00000, 0x04f50000, 0x19f50000)
  eden space 4416K, 100% used [0x04a00000, 0x04e50000, 0x04e50000)
  from space 512K, 100% used [0x04e50000, 0x04ed0000, 0x04ed0000)
  to   space 512K,   0% used [0x04ed0000, 0x04ed0000, 0x04f50000)
 tenured generation   total 10944K, used 10418K [0x19f50000, 0x1aa00000, 0x44a00000)
   the space 10944K,  95% used [0x19f50000, 0x1a97c8f0, 0x1a97ca00, 0x1aa00000)
 Metaspace       used 3066K, capacity 3462K, committed 3520K, reserved 4480K

